[2022-04-02 19:08:31] Start:LIM2PatternsTask
LIM2PatternsTool 10.0.0 Java (Build:f8fa7a1c28) - (C) 2001-2021 FrontEndART Ltd.
Integrated 3rd party tool(s): SonarQube
Loading: Python-3.8.6 interpreter...
Loading pattern: C:\Users\Deyan\Downloads\SourceMeter-10.0.0-x64-Windows\Java\WindowsTools\Patterns\AntiPatterns\Blob.py
Loading pattern: C:\Users\Deyan\Downloads\SourceMeter-10.0.0-x64-Windows\Java\WindowsTools\Patterns\AntiPatterns\FeatureEnvy.py
Loading pattern: C:\Users\Deyan\Downloads\SourceMeter-10.0.0-x64-Windows\Java\WindowsTools\Patterns\AntiPatterns\LongFunction.py
Loading pattern: C:\Users\Deyan\Downloads\SourceMeter-10.0.0-x64-Windows\Java\WindowsTools\Patterns\AntiPatterns\LongParameterSize.py
Loading pattern: C:\Users\Deyan\Downloads\SourceMeter-10.0.0-x64-Windows\Java\WindowsTools\Patterns\AntiPatterns\RefusedBequest.py
Loading pattern: C:\Users\Deyan\Downloads\SourceMeter-10.0.0-x64-Windows\Java\WindowsTools\Patterns\AntiPatterns\ShotgunSurgery.py
Loading: C:\Users\Deyan\Downloads\JUNITMETRICS14.3.1\java\2022-04-02-19-03-27\sourcemeter\asg\JUNITMETRICS14.3.1.lim
Loading: C:\Users\Deyan\Downloads\SourceMeter-10.0.0-x64-Windows\Java\WindowsTools\MET.rul
Parsing and checking patterns...
Loading: C:\Users\Deyan\Downloads\JUNITMETRICS14.3.1\java\2022-04-02-19-03-27\JUNITMETRICS14.3.1.graph
Searching for patterns...
Found pattern "Shotgun Surgery" on L573
Found pattern "Shotgun Surgery" on L580
Found pattern "Shotgun Surgery" on L655
Found pattern "Shotgun Surgery" on L189
Found pattern "Shotgun Surgery" on L933
Found pattern "Shotgun Surgery" on L941
Found pattern "Shotgun Surgery" on L947
Found pattern "Shotgun Surgery" on L955
Found pattern "Shotgun Surgery" on L965
Found pattern "Shotgun Surgery" on L976
Found pattern "Shotgun Surgery" on L1049
Found pattern "Shotgun Surgery" on L877
Found pattern "Shotgun Surgery" on L1207
Found pattern "Shotgun Surgery" on L1221
Found pattern "Shotgun Surgery" on L1232
Found pattern "Shotgun Surgery" on L1248
Found pattern "Shotgun Surgery" on L131
Found pattern "Shotgun Surgery" on L144
Found pattern "Shotgun Surgery" on L782
Found pattern "Long Function" on L1475
Found pattern "Shotgun Surgery" on L1667
Found pattern "Shotgun Surgery" on L1916
Found pattern "Shotgun Surgery" on L1933
Found pattern "Blob" on L2991
Found pattern "Shotgun Surgery" on L2995
Found pattern "Shotgun Surgery" on L3001
Found pattern "Shotgun Surgery" on L3009
Found pattern "Shotgun Surgery" on L2999
Found pattern "Shotgun Surgery" on L3015
Found pattern "Shotgun Surgery" on L3017
Found pattern "Shotgun Surgery" on L3037
Found pattern "Shotgun Surgery" on L3049
Found pattern "Shotgun Surgery" on L3237
Found pattern "Shotgun Surgery" on L3241
Found pattern "Shotgun Surgery" on L3296
Found pattern "Shotgun Surgery" on L3352
Found pattern "Shotgun Surgery" on L3362
Found pattern "Shotgun Surgery" on L2796
Found pattern "Shotgun Surgery" on L3407
Found pattern "Shotgun Surgery" on L4096
Found pattern "Shotgun Surgery" on L4100
Found pattern "Shotgun Surgery" on L4274
Found pattern "Shotgun Surgery" on L4889
Found pattern "Shotgun Surgery" on L5080
Found pattern "Shotgun Surgery" on L3479
Found pattern "Long Function" on L5950
Found pattern "Shotgun Surgery" on L6972
Found pattern "Shotgun Surgery" on L4024
Found pattern "Shotgun Surgery" on L4048
Found pattern "Shotgun Surgery" on L8268
Found pattern "Shotgun Surgery" on L8486
Found pattern "Shotgun Surgery" on L8521
Found pattern "Shotgun Surgery" on L8536
Found pattern "Refused Bequest" on L10006
Found pattern "Shotgun Surgery" on L10012
Found pattern "Shotgun Surgery" on L4037
Found pattern "Shotgun Surgery" on L6559
Found pattern "Shotgun Surgery" on L780
Found pattern "Shotgun Surgery" on L711
Found pattern "Shotgun Surgery" on L842
Found pattern "Shotgun Surgery" on L4622
Found pattern "Shotgun Surgery" on L4125
Found pattern "Shotgun Surgery" on L2707
Found pattern "Shotgun Surgery" on L4147
Found pattern "Shotgun Surgery" on L4560
Found pattern "Shotgun Surgery" on L6459
Found pattern "Shotgun Surgery" on L811
Found pattern "Shotgun Surgery" on L813
Found pattern "Shotgun Surgery" on L7547
Found pattern "Shotgun Surgery" on L9389
Found pattern "Shotgun Surgery" on L794
Found pattern "Shotgun Surgery" on L6521
Found pattern "Shotgun Surgery" on L4143
Found pattern "Shotgun Surgery" on L666
Found pattern "Shotgun Surgery" on L4149
Found pattern "Shotgun Surgery" on L12149
Found pattern "Shotgun Surgery" on L12153
Found pattern "Shotgun Surgery" on L2806
Found pattern "Shotgun Surgery" on L2809
Found pattern "Shotgun Surgery" on L2816
Found pattern "Shotgun Surgery" on L2819
Found pattern "Shotgun Surgery" on L4129
Found pattern "Shotgun Surgery" on L696
Found pattern "Shotgun Surgery" on L671
Found pattern "Shotgun Surgery" on L4159
Found pattern "Shotgun Surgery" on L4995
Found pattern "Shotgun Surgery" on L5007
Found pattern "Shotgun Surgery" on L4999
Found pattern "Shotgun Surgery" on L5557
Found pattern "Shotgun Surgery" on L4353
Found pattern "Shotgun Surgery" on L4348
Found pattern "Shotgun Surgery" on L5476
Found pattern "Shotgun Surgery" on L13645
Found pattern "Shotgun Surgery" on L5478
Found pattern "Blob" on L14690
Found pattern "Shotgun Surgery" on L14716
Found pattern "Refused Bequest" on L16168
Found pattern "Shotgun Surgery" on L15685
Found pattern "Feature Envy" on L18391
Found pattern "Feature Envy" on L18421
Found pattern "Feature Envy" on L18430
Creating the output files...
[2022-04-02 19:08:38] End:LIM2PatternsTask Result:OK
