[2022-04-02 18:55:50] Start:LIM2PatternsTask
LIM2PatternsTool 10.0.0 Java (Build:f8fa7a1c28) - (C) 2001-2021 FrontEndART Ltd.
Integrated 3rd party tool(s): SonarQube
Loading: Python-3.8.6 interpreter...
Loading pattern: C:\Users\Deyan\Downloads\SourceMeter-10.0.0-x64-Windows\Java\WindowsTools\Patterns\AntiPatterns\Blob.py
Loading pattern: C:\Users\Deyan\Downloads\SourceMeter-10.0.0-x64-Windows\Java\WindowsTools\Patterns\AntiPatterns\FeatureEnvy.py
Loading pattern: C:\Users\Deyan\Downloads\SourceMeter-10.0.0-x64-Windows\Java\WindowsTools\Patterns\AntiPatterns\LongFunction.py
Loading pattern: C:\Users\Deyan\Downloads\SourceMeter-10.0.0-x64-Windows\Java\WindowsTools\Patterns\AntiPatterns\LongParameterSize.py
Loading pattern: C:\Users\Deyan\Downloads\SourceMeter-10.0.0-x64-Windows\Java\WindowsTools\Patterns\AntiPatterns\RefusedBequest.py
Loading pattern: C:\Users\Deyan\Downloads\SourceMeter-10.0.0-x64-Windows\Java\WindowsTools\Patterns\AntiPatterns\ShotgunSurgery.py
Loading: C:\Users\Deyan\Downloads\JUNIT\java\2022-04-02-17-17-08\sourcemeter\asg\JUNIT.lim
Loading: C:\Users\Deyan\Downloads\SourceMeter-10.0.0-x64-Windows\Java\WindowsTools\MET.rul
Parsing and checking patterns...
Loading: C:\Users\Deyan\Downloads\JUNIT\java\2022-04-02-17-17-08\JUNIT.graph
Searching for patterns...
Found pattern "Shotgun Surgery" on L573
Found pattern "Shotgun Surgery" on L580
Found pattern "Shotgun Surgery" on L655
Found pattern "Shotgun Surgery" on L189
Found pattern "Shotgun Surgery" on L933
Found pattern "Shotgun Surgery" on L941
Found pattern "Shotgun Surgery" on L947
Found pattern "Shotgun Surgery" on L955
Found pattern "Shotgun Surgery" on L965
Found pattern "Shotgun Surgery" on L976
Found pattern "Shotgun Surgery" on L1049
Found pattern "Shotgun Surgery" on L877
Found pattern "Shotgun Surgery" on L1207
Found pattern "Shotgun Surgery" on L1221
Found pattern "Shotgun Surgery" on L1232
Found pattern "Shotgun Surgery" on L1248
Found pattern "Shotgun Surgery" on L131
Found pattern "Shotgun Surgery" on L144
Found pattern "Shotgun Surgery" on L782
Found pattern "Long Function" on L1475
Found pattern "Shotgun Surgery" on L1667
Found pattern "Shotgun Surgery" on L1916
Found pattern "Shotgun Surgery" on L1933
Found pattern "Blob" on L3016
Found pattern "Shotgun Surgery" on L3020
Found pattern "Shotgun Surgery" on L3026
Found pattern "Shotgun Surgery" on L3034
Found pattern "Shotgun Surgery" on L3024
Found pattern "Shotgun Surgery" on L3040
Found pattern "Shotgun Surgery" on L3042
Found pattern "Shotgun Surgery" on L3062
Found pattern "Shotgun Surgery" on L3074
Found pattern "Shotgun Surgery" on L3262
Found pattern "Shotgun Surgery" on L3266
Found pattern "Shotgun Surgery" on L3321
Found pattern "Shotgun Surgery" on L3377
Found pattern "Shotgun Surgery" on L3387
Found pattern "Shotgun Surgery" on L2797
Found pattern "Shotgun Surgery" on L3432
Found pattern "Shotgun Surgery" on L4121
Found pattern "Shotgun Surgery" on L4125
Found pattern "Shotgun Surgery" on L4299
Found pattern "Shotgun Surgery" on L4914
Found pattern "Shotgun Surgery" on L5105
Found pattern "Shotgun Surgery" on L3504
Found pattern "Long Function" on L5997
Found pattern "Shotgun Surgery" on L7019
Found pattern "Shotgun Surgery" on L7410
Found pattern "Shotgun Surgery" on L4049
Found pattern "Shotgun Surgery" on L4073
Found pattern "Shotgun Surgery" on L8329
Found pattern "Shotgun Surgery" on L8547
Found pattern "Shotgun Surgery" on L8582
Found pattern "Shotgun Surgery" on L8597
Found pattern "Refused Bequest" on L10057
Found pattern "Shotgun Surgery" on L10063
Found pattern "Shotgun Surgery" on L4062
Found pattern "Shotgun Surgery" on L6606
Found pattern "Shotgun Surgery" on L780
Found pattern "Shotgun Surgery" on L711
Found pattern "Shotgun Surgery" on L842
Found pattern "Shotgun Surgery" on L4647
Found pattern "Shotgun Surgery" on L4150
Found pattern "Shotgun Surgery" on L2708
Found pattern "Shotgun Surgery" on L4172
Found pattern "Shotgun Surgery" on L4585
Found pattern "Shotgun Surgery" on L6506
Found pattern "Shotgun Surgery" on L811
Found pattern "Shotgun Surgery" on L813
Found pattern "Shotgun Surgery" on L7663
Found pattern "Shotgun Surgery" on L9449
Found pattern "Shotgun Surgery" on L794
Found pattern "Shotgun Surgery" on L6568
Found pattern "Shotgun Surgery" on L4168
Found pattern "Shotgun Surgery" on L666
Found pattern "Shotgun Surgery" on L4174
Found pattern "Shotgun Surgery" on L12189
Found pattern "Shotgun Surgery" on L12193
Found pattern "Shotgun Surgery" on L2807
Found pattern "Shotgun Surgery" on L2810
Found pattern "Shotgun Surgery" on L2817
Found pattern "Shotgun Surgery" on L2820
Found pattern "Shotgun Surgery" on L4154
Found pattern "Shotgun Surgery" on L696
Found pattern "Shotgun Surgery" on L671
Found pattern "Shotgun Surgery" on L4184
Found pattern "Shotgun Surgery" on L5020
Found pattern "Shotgun Surgery" on L5032
Found pattern "Shotgun Surgery" on L5024
Found pattern "Shotgun Surgery" on L5582
Found pattern "Shotgun Surgery" on L4378
Found pattern "Shotgun Surgery" on L4373
Found pattern "Shotgun Surgery" on L5501
Found pattern "Shotgun Surgery" on L13676
Found pattern "Shotgun Surgery" on L5503
Found pattern "Blob" on L14766
Found pattern "Shotgun Surgery" on L14792
Found pattern "Refused Bequest" on L16242
Found pattern "Shotgun Surgery" on L15759
Found pattern "Feature Envy" on L18465
Found pattern "Feature Envy" on L18495
Found pattern "Feature Envy" on L18504
Creating the output files...
[2022-04-02 18:55:58] End:LIM2PatternsTask Result:OK
